<?xml version="1.0" encoding="UTF-8"?>
<!-- Generated by org.testng.reporters.JUnitReportReporter -->
<testsuite skipped="0" hostname="DESKTOP-5U1J4L6" name="Test_Cases.Browser_URL_Launch" tests="2" failures="0" timestamp="12 Nov 2016 13:23:35 GMT" time="6.281" errors="0">
  <testcase name="urllaunch" time="1.578" classname="Test_Cases.Browser_URL_Launch"/>
  <testcase name="Browser_Launch" time="4.703" classname="Test_Cases.Browser_URL_Launch"/>
</testsuite> <!-- Test_Cases.Browser_URL_Launch -->
