<?xml version="1.0" encoding="UTF-8"?>
<!-- Generated by org.testng.reporters.JUnitReportReporter -->
<testsuite skipped="0" hostname="DESKTOP-5U1J4L6" name="Test_Cases.login_testcases" tests="3" failures="0" timestamp="12 Nov 2016 13:23:35 GMT" time="171.991" errors="0">
  <testcase name="email_field" time="4.315" classname="Test_Cases.login_testcases"/>
  <testcase name="web_tab" time="143.744" classname="Test_Cases.login_testcases"/>
  <testcase name="select_dialogbox" time="23.932" classname="Test_Cases.login_testcases"/>
</testsuite> <!-- Test_Cases.login_testcases -->
